<?xml version="1.0" encoding="UTF-8"?>
<testng-results ignored="0" total="1" passed="1" failed="0" skipped="0">
  <reporter-output>
  </reporter-output>
  <suite started-at="2020-03-28T13:58:35 IST" name="Default suite" finished-at="2020-03-28T13:58:37 IST" duration-ms="1695">
    <groups>
    </groups>
    <test started-at="2020-03-28T13:58:35 IST" name="Default test" finished-at="2020-03-28T13:58:37 IST" duration-ms="1695">
      <class name="cts.testng.practice.ExtentReportDemo1">
        <test-method signature="loginTest()[pri:0, instance:cts.testng.practice.ExtentReportDemo1@229d10bd]" started-at="2020-03-28T13:58:35 IST" name="loginTest" finished-at="2020-03-28T13:58:37 IST" duration-ms="1597" status="PASS">
          <reporter-output>
          </reporter-output>
        </test-method> <!-- loginTest -->
      </class> <!-- cts.testng.practice.ExtentReportDemo1 -->
    </test> <!-- Default test -->
  </suite> <!-- Default suite -->
</testng-results>
